<?xml version="1.0" encoding="UTF-8"?>
<testng-results ignored="0" total="2" passed="2" failed="0" skipped="0">
  <reporter-output>
  </reporter-output>
  <suite started-at="2024-08-15T18:32:09 IST" name="Check Login and Releted Functionalities" finished-at="2024-08-15T18:32:30 IST" duration-ms="20207">
    <groups>
    </groups>
    <test started-at="2024-08-15T18:32:09 IST" name="Check Functionality" finished-at="2024-08-15T18:32:30 IST" duration-ms="20207">
      <class name="Testcase.HomePageTest">
        <test-method is-config="true" signature="Setup()[pri:0, instance:Testcase.HomePageTest@7205765b]" started-at="2024-08-15T18:32:10 IST" name="Setup" finished-at="2024-08-15T18:32:19 IST" duration-ms="9111" status="PASS">
          <reporter-output>
          </reporter-output>
        </test-method> <!-- Setup -->
        <test-method signature="Verify_HomepageTitle()[pri:1, instance:Testcase.HomePageTest@7205765b]" started-at="2024-08-15T18:32:19 IST" name="Verify_HomepageTitle" finished-at="2024-08-15T18:32:19 IST" duration-ms="155" status="PASS">
          <reporter-output>
          </reporter-output>
        </test-method> <!-- Verify_HomepageTitle -->
        <test-method is-config="true" signature="Terminate(org.testng.ITestResult)[pri:0, instance:Testcase.HomePageTest@7205765b]" started-at="2024-08-15T18:32:20 IST" name="Terminate" finished-at="2024-08-15T18:32:21 IST" duration-ms="971" status="PASS">
          <params>
            <param index="0">
              <value>
                <![CDATA[[TestResult name=Verify_HomepageTitle status=SUCCESS method=HomePageTest.Verify_HomepageTitle()[pri:1, instance:Testcase.HomePageTest@7205765b] output={null}]]]>
              </value>
            </param>
          </params>
          <reporter-output>
          </reporter-output>
        </test-method> <!-- Terminate -->
        <test-method is-config="true" signature="Setup()[pri:0, instance:Testcase.HomePageTest@7205765b]" started-at="2024-08-15T18:32:21 IST" name="Setup" finished-at="2024-08-15T18:32:27 IST" duration-ms="6237" status="PASS">
          <reporter-output>
          </reporter-output>
        </test-method> <!-- Setup -->
        <test-method signature="Verify_SigninLink()[pri:2, instance:Testcase.HomePageTest@7205765b]" started-at="2024-08-15T18:32:27 IST" name="Verify_SigninLink" finished-at="2024-08-15T18:32:28 IST" duration-ms="1454" status="PASS">
          <reporter-output>
          </reporter-output>
        </test-method> <!-- Verify_SigninLink -->
        <test-method is-config="true" signature="Terminate(org.testng.ITestResult)[pri:0, instance:Testcase.HomePageTest@7205765b]" started-at="2024-08-15T18:32:29 IST" name="Terminate" finished-at="2024-08-15T18:32:30 IST" duration-ms="917" status="PASS">
          <params>
            <param index="0">
              <value>
                <![CDATA[[TestResult name=Verify_SigninLink status=SUCCESS method=HomePageTest.Verify_SigninLink()[pri:2, instance:Testcase.HomePageTest@7205765b] output={null}]]]>
              </value>
            </param>
          </params>
          <reporter-output>
          </reporter-output>
        </test-method> <!-- Terminate -->
      </class> <!-- Testcase.HomePageTest -->
    </test> <!-- Check Functionality -->
  </suite> <!-- Check Login and Releted Functionalities -->
</testng-results>
